<?xml version="1.0" encoding="UTF-8"?>
<!-- Generated by org.testng.reporters.JUnitReportReporter -->
<testsuite hostname="G130LTRV" failures="0" tests="6" name="com.automation.testng.LoginTest" time="25.075" errors="0" timestamp="2024-07-12T09:46:08 IST" skipped="0">
  <testcase classname="com.automation.testng.LoginTest" name="success" time="3.440"/>
  <testcase classname="com.automation.testng.LoginTest" name="success" time="8.173"/>
  <testcase classname="com.automation.testng.LoginTest" name="success" time="3.375"/>
  <testcase classname="com.automation.testng.LoginTest" name="success" time="3.825"/>
  <testcase classname="com.automation.testng.LoginTest" name="failure" time="3.171"/>
  <testcase classname="com.automation.testng.LoginTest" name="success" time="3.091"/>
</testsuite> <!-- com.automation.testng.LoginTest -->
